
ROM used:   4636/65536 (7%)
            4636/65536 (7%) including unused fragments

            1.6 Average locations per line
            7.9 Average locations per statement

RAM used:   48/3968 (1%) at main() level
            109/3968 (3%) worst case

Stack used: 6 worst case (4 in main + 2 for interrupts)
Stack size: 31

Lines Stmts  %   Files
----- ----- ---  -----
   87    48   8  main.c
  834     0   0  ..\..\..\..\..\..\..\..\Program Files (x86)\PICC\Devices\18F4620.h
   11     8   1  Librerias\matematicas.h
 1351   359  61  ..\..\..\..\..\..\..\..\Program Files (x86)\PICC\Drivers\stdlib.h
   32     0   0  ..\..\..\..\..\..\..\..\Program Files (x86)\PICC\Drivers\stddef.h
  423   125  21  ..\..\..\..\..\..\..\..\Program Files (x86)\PICC\Drivers\string.h
   28     0   0  ..\..\..\..\..\..\..\..\Program Files (x86)\PICC\Drivers\ctype.h
  104    50   8  Librerias\ingresoDatos.h
----- -----
 2870   590 Total

Page ROM  %  RAM   Vol Diff  Functions:
---- --- --- ---   --- ----  ----------
0    242   3   11             @MULFF
0     54   1    2             @ITOF
0    618   7   16             @ADDFF
0    346   4   14             @DIVFF
0    564   6   19  1542 12.4  strtof
 Inline        16   325  6.7  calculos
0    118   1   10             @FLT
0     20   0    0   143  2.6  ingresarDatos
0    214   2    3   528  5.5  buscandoErrores
0     12   0    0             @const937
0     34   0    2             @PSTRINGC_9600_31766_31767
0     32   0    0             @const939
0     12   0    0             @const941
0     46   0    4    53  2.3  valorIngresado
0     32   0    3   114  3.4  limpiarBufer
0    236   3    1   641  7.2  datosnoCorrectos
0     36   0    2    74  2.3  rda_isr
0     36   0    0    96  2.9  contador_TMR0
0    964  10    1  1503  7.8  MAIN
0     18   0    0             @const954
0     28   0    0             @const955
0     30   0    0             @const956
0     64   1    5             @FTOSD
0    142   2   13             @DIV3232
0    386   4   13             @PRINTF_L32D_9600_31766_31767FPFPF
0     32   0    0             @const966
0     78   1    0             @const968
0     12   0    0             @const969
0     40   0    0             @const970
0     32   0    3             @PSTRINGCN_9600_31766_31767
 Inline         0             @cinit1

Program metrics:
    Functions               10
    Statements              590
    Comments                969
    Volume (V)              7344
    Difficulty (D)          51.1
    Effort to implement (E) 375637
    Time to implement (T)   5 hours, 48 minutes
    Est Delivered Bugs (B)  2
    Cyclomatic Complexity   30
    Maintainability (MI)    92

 Segment     Used  Free
-----------  ----  ----
00000-00002     4  0  
00004-00006     0  4  
00008-000A0   154  0  
000A2-0FFFE  4478  60896  



