*** Error 58 "DenuevoConEcho.c" Line 31(127,128): Expecting a close paren
*** Error 1 "DenuevoConEcho.c" Line 31(1,2): Illegal C character in input file  0x80
*** Error 1 "DenuevoConEcho.c" Line 31(1,2): Illegal C character in input file  0x00
*** Error 1 "DenuevoConEcho.c" Line 31(2,3): Illegal C character in input file  0x0B
*** Error 1 "DenuevoConEcho.c" Line 31(2,3): Illegal C character in input file  0x00
*** Error 1 "DenuevoConEcho.c" Line 31(2,3): Illegal C character in input file  0x00
*** Error 1 "DenuevoConEcho.c" Line 31(2,3): Illegal C character in input file  0xFF
*** Error 1 "DenuevoConEcho.c" Line 31(2,3): Illegal C character in input file  0xFF
*** Error 1 "DenuevoConEcho.c" Line 31(2,3): Illegal C character in input file  0xFF
*** Error 1 "DenuevoConEcho.c" Line 31(2,3): Illegal C character in input file  0x00
*** Error 1 "DenuevoConEcho.c" Line 31(2,3): Illegal C character in input file  0x06
*** Error 1 "DenuevoConEcho.c" Line 31(2,3): Illegal C character in input file  0x00
*** Error 1 "DenuevoConEcho.c" Line 31(2,3): Illegal C character in input file  0x00
*** Error 1 "DenuevoConEcho.c" Line 31(2,3): Illegal C character in input file  0x00
*** Error 1 "DenuevoConEcho.c" Line 31(2,3): Illegal C character in input file  0x00
*** Error 1 "DenuevoConEcho.c" Line 31(2,3): Illegal C character in input file  0x00
*** Error 1 "DenuevoConEcho.c" Line 31(2,3): Illegal C character in input file  0x00
*** Error 1 "DenuevoConEcho.c" Line 31(2,3): Illegal C character in input file  0x00
*** Error 1 "DenuevoConEcho.c" Line 31(2,3): Illegal C character in input file  0xBB
*** Error 1 "DenuevoConEcho.c" Line 31(2,3): Illegal C character in input file  0x82
*** Error 1 "DenuevoConEcho.c" Line 31(2,3): Illegal C character in input file  0xB4
*** Error 1 "DenuevoConEcho.c" Line 31(2,3): Illegal C character in input file  0xBF
*** Error 1 "DenuevoConEcho.c" Line 31(2,3): Illegal C character in input file  0xC3
*** Error 1 "DenuevoConEcho.c" Line 31(2,3): Illegal C character in input file  0xBF
*** Error 1 "DenuevoConEcho.c" Line 31(13,14): Illegal C character in input file  0xA1
*** Error 1 "DenuevoConEcho.c" Line 31(13,14): Illegal C character in input file  0x18
*** Error 1 "DenuevoConEcho.c" Line 31(13,14): Illegal C character in input file  0xED
*** Error 1 "DenuevoConEcho.c" Line 31(13,14): Illegal C character in input file  0xE4
*** Error 1 "DenuevoConEcho.c" Line 31(13,14): Illegal C character in input file  0x40
*** Error 1 "DenuevoConEcho.c" Line 31(13,14): Illegal C character in input file  0x08
*** Error 1 "DenuevoConEcho.c" Line 31(13,14): Illegal C character in input file  0x02
*** Error 1 "DenuevoConEcho.c" Line 31(13,14): Illegal C character in input file  0x00
*** Error 1 "DenuevoConEcho.c" Line 31(13,14): Illegal C character in input file  0x00
*** Error 1 "DenuevoConEcho.c" Line 31(13,14): Illegal C character in input file  0xB0
*** Error 1 "DenuevoConEcho.c" Line 31(13,14): Illegal C character in input file  0xD7
*** Error 1 "DenuevoConEcho.c" Line 31(13,14): Illegal C character in input file  0x01
*** Error 1 "DenuevoConEcho.c" Line 31(13,14): Illegal C character in input file  0x00
*** Error 1 "DenuevoConEcho.c" Line 31(13,14): Illegal C character in input file  0x80
*** Error 1 "DenuevoConEcho.c" Line 31(13,14): Illegal C character in input file  0x00
*** Error 1 "DenuevoConEcho.c" Line 31(13,14): Illegal C character in input file  0x00
*** Error 1 "DenuevoConEcho.c" Line 31(13,14): Illegal C character in input file  0x00
*** Error 1 "DenuevoConEcho.c" Line 31(13,14): Illegal C character in input file  0x00
*** Error 1 "DenuevoConEcho.c" Line 31(13,14): Illegal C character in input file  0x00
*** Error 1 "DenuevoConEcho.c" Line 31(13,14): Illegal C character in input file  0x00
*** Error 1 "DenuevoConEcho.c" Line 31(13,14): Illegal C character in input file  0x00
*** Error 1 "DenuevoConEcho.c" Line 31(13,14): Illegal C character in input file  0x00
*** Error 1 "DenuevoConEcho.c" Line 31(13,14): Illegal C character in input file  0x00
*** Error 1 "DenuevoConEcho.c" Line 31(13,14): Illegal C character in input file  0x00
*** Error 1 "DenuevoConEcho.c" Line 31(13,14): Illegal C character in input file  0x00
*** Error 1 "DenuevoConEcho.c" Line 31(13,14): Illegal C character in input file  0xC8
*** Error 1 "DenuevoConEcho.c" Line 31(13,14): Illegal C character in input file  0xC1
*** Error 1 "DenuevoConEcho.c" Line 31(22,23): Illegal C character in input file  0x07
*** Error 1 "DenuevoConEcho.c" Line 31(22,23): Illegal C character in input file  0x40
*** Error 1 "DenuevoConEcho.c" Line 31(24,25): Illegal C character in input file  0x1E
*** Error 1 "DenuevoConEcho.c" Line 31(24,25): Illegal C character in input file  0x07
*** Error 1 "DenuevoConEcho.c" Line 31(24,25): Illegal C character in input file  0xD0
*** Error 1 "DenuevoConEcho.c" Line 31(26,27): Illegal C character in input file  0x1E
*** Error 1 "DenuevoConEcho.c" Line 31(26,27): Illegal C character in input file  0x07
*** Error 1 "DenuevoConEcho.c" Line 31(26,27): Illegal C character in input file  0x00
*** Error 1 "DenuevoConEcho.c" Line 31(26,27): Illegal C character in input file  0x00
*** Error 1 "DenuevoConEcho.c" Line 31(26,27): Illegal C character in input file  0x00
*** Error 1 "DenuevoConEcho.c" Line 31(26,27): Illegal C character in input file  0x00
*** Error 1 "DenuevoConEcho.c" Line 31(26,27): Illegal C character in input file  0x90
*** Error 1 "DenuevoConEcho.c" Line 31(28,29): Illegal C character in input file  0x1E
*** Error 1 "DenuevoConEcho.c" Line 31(28,29): Illegal C character in input file  0x07
*** Error 1 "DenuevoConEcho.c" Line 31(28,29): Illegal C character in input file  0x00
*** Error 1 "DenuevoConEcho.c" Line 31(28,29): Illegal C character in input file  0x00
*** Error 1 "DenuevoConEcho.c" Line 31(28,29): Illegal C character in input file  0x00
*** Error 1 "DenuevoConEcho.c" Line 31(28,29): Illegal C character in input file  0x00
*** Error 1 "DenuevoConEcho.c" Line 31(28,29): Illegal C character in input file  0x00
*** Error 1 "DenuevoConEcho.c" Line 31(28,29): Illegal C character in input file  0x00
*** Error 1 "DenuevoConEcho.c" Line 31(28,29): Illegal C character in input file  0x00
*** Error 1 "DenuevoConEcho.c" Line 31(28,29): Illegal C character in input file  0x00
*** Error 1 "DenuevoConEcho.c" Line 31(28,29): Illegal C character in input file  0x00
*** Error 1 "DenuevoConEcho.c" Line 31(28,29): Illegal C character in input file  0x00
*** Error 1 "DenuevoConEcho.c" Line 31(28,29): Illegal C character in input file  0x00
*** Error 1 "DenuevoConEcho.c" Line 31(28,29): Illegal C character in input file  0x00
*** Error 1 "DenuevoConEcho.c" Line 31(28,29): Illegal C character in input file  0x00
*** Error 1 "DenuevoConEcho.c" Line 31(28,29): Illegal C character in input file  0x00
*** Error 1 "DenuevoConEcho.c" Line 31(28,29): Illegal C character in input file  0x00
*** Error 1 "DenuevoConEcho.c" Line 31(28,29): Illegal C character in input file  0x00
*** Error 1 "DenuevoConEcho.c" Line 31(28,29): Illegal C character in input file  0x00
*** Error 1 "DenuevoConEcho.c" Line 31(28,29): Illegal C character in input file  0x00
*** Error 1 "DenuevoConEcho.c" Line 31(28,29): Illegal C character in input file  0x00
*** Error 1 "DenuevoConEcho.c" Line 31(28,29): Illegal C character in input file  0x00
*** Error 1 "DenuevoConEcho.c" Line 31(28,29): Illegal C character in input file  0x00
*** Error 1 "DenuevoConEcho.c" Line 31(28,29): Illegal C character in input file  0x00
*** Error 1 "DenuevoConEcho.c" Line 31(28,29): Illegal C character in input file  0x00
*** Error 1 "DenuevoConEcho.c" Line 31(28,29): Illegal C character in input file  0x00
*** Error 1 "DenuevoConEcho.c" Line 31(28,29): Illegal C character in input file  0x00
*** Error 1 "DenuevoConEcho.c" Line 31(28,29): Illegal C character in input file  0x00
*** Error 1 "DenuevoConEcho.c" Line 31(28,29): Illegal C character in input file  0x00
*** Error 1 "DenuevoConEcho.c" Line 31(28,29): Illegal C character in input file  0x00
*** Error 1 "DenuevoConEcho.c" Line 31(28,29): Illegal C character in input file  0x00
*** Error 1 "DenuevoConEcho.c" Line 31(28,29): Illegal C character in input file  0x00
*** Error 1 "DenuevoConEcho.c" Line 31(28,29): Illegal C character in input file  0x00
*** Error 1 "DenuevoConEcho.c" Line 31(28,29): Illegal C character in input file  0x00
*** Error 1 "DenuevoConEcho.c" Line 31(31,32): Illegal C character in input file  0x50 after \
*** Error 1 "DenuevoConEcho.c" Line 31(51,52): Illegal C character in input file  0x50 after \
*** Error 1 "DenuevoConEcho.c" Line 31(1,2): Illegal C character in input file  0x80
*** Error 1 "DenuevoConEcho.c" Line 31(1,2): Illegal C character in input file  0x00
