
ROM used:   3854/65536 (6%)
            3854/65536 (6%) including unused fragments

            1.4 Average locations per line
            7.1 Average locations per statement

RAM used:   43/3968 (1%) at main() level
            91/3968 (2%) worst case

Stack used: 3 worst case (2 in main + 1 for interrupts)
Stack size: 31

Lines Stmts  %   Files
----- ----- ---  -----
  101    61  11  programaPrincipal.c
  834     0   0  ..\..\..\..\..\..\..\Program Files (x86)\PICC\Devices\18F4620.h
 1351   359  66  ..\..\..\..\..\..\..\Program Files (x86)\PICC\Drivers\stdlib.h
   32     0   0  ..\..\..\..\..\..\..\Program Files (x86)\PICC\Drivers\stddef.h
  423   125  23  ..\..\..\..\..\..\..\Program Files (x86)\PICC\Drivers\string.h
   28     0   0  ..\..\..\..\..\..\..\Program Files (x86)\PICC\Drivers\ctype.h
----- -----
 2769   545 Total

Page ROM  %  RAM   Vol Diff  Functions:
---- --- --- ---   --- ----  ----------
0    242   3   11             @MULFF
0     54   1    2             @ITOF
0    618   8   16             @ADDFF
0    346   4   14             @DIVFF
0    562   7   19  1542 12.4  strtof
0    116   2    2   242  5.0  rda_isr
0    826  11    2  2145 10.3  MAIN
0     16   0    0             @const928
0     34   0    2             @PSTRINGC_9600_31766_31767
0     26   0    0             @const930
0     30   0    0             @const931
0     16   0    0             @const932
0     64   1    5             @FTOSD
0    142   2   13             @DIV3232
0    386   5   13             @PRINTF_L32D_9600_31766_31767FPFPF
0     30   0    0             @const942
0     16   0    0             @const943
0     76   1    0             @const945
0     42   1    0             @const946
0     34   0    3             @PSTRINGCN_9600_31766_31767
0     32   0    3   114  3.4  limpiarBufer
 Inline         0             @cinit1

Program metrics:
    Functions               4
    Statements              545
    Comments                956
    Volume (V)              5008
    Difficulty (D)          29.4
    Effort to implement (E) 147236
    Time to implement (T)   2 hours, 16 minutes
    Est Delivered Bugs (B)  1
    Cyclomatic Complexity   22
    Maintainability (MI)    7

 Segment     Used  Free
-----------  ----  ----
00000-00002     4  0  
00004-00006     0  4  
00008-00094   142  0  
00096-0FFFE  3708  61678  



